<?xml version="1.0" encoding="UTF-8"?>
<!-- Generated by org.testng.reporters.JUnitXMLReporter -->
<testsuite ignored="0" hostname="LAPTOP-38L647O8" failures="0" tests="2" name="TC_006_CustomerIdVerification" time="2.859" errors="0" timestamp="2022-05-30T22:20:13 EDT">
  <testcase classname="testCases.TC_006_CustomerIdVerification" name="Guru99_TC006_CustomerIdVerification" time="1.318"/>
  <testcase classname="testCases.TC_006_CustomerIdVerification" name="Guru99_TC006_CustomerIdVerification" time="0.572"/>
</testsuite> <!-- TC_006_CustomerIdVerification -->
