<?xml version="1.0" encoding="UTF-8"?>
<!-- Generated by org.testng.reporters.JUnitXMLReporter -->
<testsuite hostname="LAPTOP-38L647O8" ignored="0" name="Default test" tests="4" failures="0" timestamp="2022-07-19T16:03:24 EDT" time="5.868" errors="0">
  <testcase name="TC_001_InValidLogin" time="1.626" classname="testcase.TC_001_InValidLogin"/>
  <testcase name="TC_001_InValidLogin" time="1.273" classname="testcase.TC_001_InValidLogin"/>
  <testcase name="TC_001_InValidLogin" time="0.499" classname="testcase.TC_001_InValidLogin"/>
  <testcase name="TC_001_InValidLogin" time="0.447" classname="testcase.TC_001_InValidLogin"/>
</testsuite> <!-- Default test -->
