<?xml version="1.0" encoding="UTF-8"?>
<testng-results skipped="0" failed="0" ignored="0" total="4" passed="4">
  <reporter-output>
  </reporter-output>
  <suite name="Default suite" duration-ms="5868" started-at="2022-07-19T16:03:18 EDT" finished-at="2022-07-19T16:03:24 EDT">
    <groups>
    </groups>
    <test name="Default test" duration-ms="5868" started-at="2022-07-19T16:03:18 EDT" finished-at="2022-07-19T16:03:24 EDT">
      <class name="testcase.TC_001_InValidLogin">
        <test-method status="PASS" signature="beforeClass()[pri:0, instance:testcase.TC_001_InValidLogin@12f41634]" name="beforeClass" is-config="true" duration-ms="1835" started-at="2022-07-19T16:03:18 EDT" finished-at="2022-07-19T16:03:20 EDT">
          <reporter-output>
          </reporter-output>
        </test-method> <!-- beforeClass -->
        <test-method status="PASS" signature="TC_001_InValidLogin(java.lang.String,java.lang.String)[pri:0, instance:testcase.TC_001_InValidLogin@12f41634]" name="TC_001_InValidLogin" duration-ms="1626" started-at="2022-07-19T16:03:20 EDT" data-provider="dp" finished-at="2022-07-19T16:03:21 EDT">
          <params>
            <param index="0">
              <value>
                <![CDATA[admin1]]>
              </value>
            </param>
            <param index="1">
              <value>
                <![CDATA[admin1234]]>
              </value>
            </param>
          </params>
          <reporter-output>
          </reporter-output>
        </test-method> <!-- TC_001_InValidLogin -->
        <test-method status="PASS" signature="TC_001_InValidLogin(java.lang.String,java.lang.String)[pri:0, instance:testcase.TC_001_InValidLogin@12f41634]" name="TC_001_InValidLogin" duration-ms="1273" started-at="2022-07-19T16:03:21 EDT" data-provider="dp" finished-at="2022-07-19T16:03:23 EDT">
          <params>
            <param index="0">
              <value>
                <![CDATA[ADMIN1]]>
              </value>
            </param>
            <param index="1">
              <value>
                <![CDATA[admin123]]>
              </value>
            </param>
          </params>
          <reporter-output>
          </reporter-output>
        </test-method> <!-- TC_001_InValidLogin -->
        <test-method status="PASS" signature="TC_001_InValidLogin(java.lang.String,java.lang.String)[pri:0, instance:testcase.TC_001_InValidLogin@12f41634]" name="TC_001_InValidLogin" duration-ms="499" started-at="2022-07-19T16:03:23 EDT" data-provider="dp" finished-at="2022-07-19T16:03:23 EDT">
          <params>
            <param index="0">
              <value>
                <![CDATA[]]>
              </value>
            </param>
            <param index="1">
              <value>
                <![CDATA[admin123]]>
              </value>
            </param>
          </params>
          <reporter-output>
          </reporter-output>
        </test-method> <!-- TC_001_InValidLogin -->
        <test-method status="PASS" signature="TC_001_InValidLogin(java.lang.String,java.lang.String)[pri:0, instance:testcase.TC_001_InValidLogin@12f41634]" name="TC_001_InValidLogin" duration-ms="447" started-at="2022-07-19T16:03:23 EDT" data-provider="dp" finished-at="2022-07-19T16:03:24 EDT">
          <params>
            <param index="0">
              <value>
                <![CDATA[Admin]]>
              </value>
            </param>
            <param index="1">
              <value>
                <![CDATA[]]>
              </value>
            </param>
          </params>
          <reporter-output>
          </reporter-output>
        </test-method> <!-- TC_001_InValidLogin -->
        <test-method status="PASS" signature="afterClass()[pri:0, instance:testcase.TC_001_InValidLogin@12f41634]" name="afterClass" is-config="true" duration-ms="0" started-at="2022-07-19T16:03:24 EDT" finished-at="2022-07-19T16:03:24 EDT">
          <reporter-output>
          </reporter-output>
        </test-method> <!-- afterClass -->
      </class> <!-- testcase.TC_001_InValidLogin -->
    </test> <!-- Default test -->
  </suite> <!-- Default suite -->
</testng-results>
