<?xml version="1.0" encoding="UTF-8"?>
<testng-results retried="4" ignored="0" total="15" passed="9" failed="2" skipped="0">
  <reporter-output>
  </reporter-output>
  <suite started-at="2022-06-05T18:35:33 EDT" name="OrangeHRM automation regression" finished-at="2022-06-05T18:35:57 EDT" duration-ms="23793">
    <groups>
    </groups>
    <test started-at="2022-06-05T18:35:33 EDT" name="TC_001_ValidLogin" finished-at="2022-06-05T18:35:37 EDT" duration-ms="3677">
      <class name="orangeHrmTestcases.TC_001_ValidLogin">
        <test-method is-config="true" signature="beforeClass(java.lang.String)[pri:0, instance:orangeHrmTestcases.TC_001_ValidLogin@5403f35f]" started-at="2022-06-05T18:35:33 EDT" name="beforeClass" finished-at="2022-06-05T18:35:35 EDT" duration-ms="1206" status="PASS">
          <params>
            <param index="0">
              <value>
                <![CDATA[chrome]]>
              </value>
            </param>
          </params>
          <reporter-output>
          </reporter-output>
        </test-method> <!-- beforeClass -->
        <test-method signature="OrangeHrm_TC001_login()[pri:0, instance:orangeHrmTestcases.TC_001_ValidLogin@5403f35f]" started-at="2022-06-05T18:35:35 EDT" name="OrangeHrm_TC001_login" finished-at="2022-06-05T18:35:37 EDT" duration-ms="2318" status="PASS">
          <reporter-output>
          </reporter-output>
        </test-method> <!-- OrangeHrm_TC001_login -->
        <test-method is-config="true" signature="afterClass()[pri:0, instance:orangeHrmTestcases.TC_001_ValidLogin@5403f35f]" started-at="2022-06-05T18:35:37 EDT" name="afterClass" finished-at="2022-06-05T18:35:37 EDT" duration-ms="129" status="PASS">
          <reporter-output>
          </reporter-output>
        </test-method> <!-- afterClass -->
      </class> <!-- orangeHrmTestcases.TC_001_ValidLogin -->
    </test> <!-- TC_001_ValidLogin -->
    <test started-at="2022-06-05T18:35:37 EDT" name="TC_003_LogOut" finished-at="2022-06-05T18:35:43 EDT" duration-ms="5823">
      <class name="orangeHrmTestcases.TC_003_LogOut">
        <test-method is-config="true" signature="beforeClass(java.lang.String)[pri:0, instance:orangeHrmTestcases.TC_003_LogOut@57cf54e1]" started-at="2022-06-05T18:35:37 EDT" name="beforeClass" finished-at="2022-06-05T18:35:38 EDT" duration-ms="912" status="PASS">
          <params>
            <param index="0">
              <value>
                <![CDATA[chrome]]>
              </value>
            </param>
          </params>
          <reporter-output>
          </reporter-output>
        </test-method> <!-- beforeClass -->
        <test-method signature="OrangeHrm_TC003_logOut()[pri:0, instance:orangeHrmTestcases.TC_003_LogOut@57cf54e1]" started-at="2022-06-05T18:35:38 EDT" name="OrangeHrm_TC003_logOut" finished-at="2022-06-05T18:35:43 EDT" duration-ms="4775" status="PASS">
          <reporter-output>
          </reporter-output>
        </test-method> <!-- OrangeHrm_TC003_logOut -->
        <test-method is-config="true" signature="afterClass()[pri:0, instance:orangeHrmTestcases.TC_003_LogOut@57cf54e1]" started-at="2022-06-05T18:35:43 EDT" name="afterClass" finished-at="2022-06-05T18:35:43 EDT" duration-ms="135" status="PASS">
          <reporter-output>
          </reporter-output>
        </test-method> <!-- afterClass -->
      </class> <!-- orangeHrmTestcases.TC_003_LogOut -->
    </test> <!-- TC_003_LogOut -->
    <test started-at="2022-06-05T18:35:33 EDT" name="TC_002_InvalidLogin" finished-at="2022-06-05T18:35:44 EDT" duration-ms="10383">
      <class name="orangeHrmTestcases.TC_002_InvalidLogin">
        <test-method is-config="true" signature="beforeClass(java.lang.String)[pri:0, instance:orangeHrmTestcases.TC_002_InvalidLogin@5d0a1059]" started-at="2022-06-05T18:35:33 EDT" name="beforeClass" finished-at="2022-06-05T18:35:35 EDT" duration-ms="1206" status="PASS">
          <params>
            <param index="0">
              <value>
                <![CDATA[chrome]]>
              </value>
            </param>
          </params>
          <reporter-output>
          </reporter-output>
        </test-method> <!-- beforeClass -->
        <test-method is-config="true" signature="beforeMethod()[pri:0, instance:orangeHrmTestcases.TC_002_InvalidLogin@5d0a1059]" started-at="2022-06-05T18:35:35 EDT" name="beforeMethod" finished-at="2022-06-05T18:35:35 EDT" duration-ms="767" status="PASS">
          <reporter-output>
          </reporter-output>
        </test-method> <!-- beforeMethod -->
        <test-method signature="OrangeHrm_TC002_InValidlogin(java.lang.String,java.lang.String,java.lang.String)[pri:0, instance:orangeHrmTestcases.TC_002_InvalidLogin@5d0a1059]" started-at="2022-06-05T18:35:35 EDT" name="OrangeHrm_TC002_InValidlogin" data-provider="dp" finished-at="2022-06-05T18:35:36 EDT" duration-ms="852" status="PASS">
          <params>
            <param index="0">
              <value>
                <![CDATA[admin1]]>
              </value>
            </param>
            <param index="1">
              <value>
                <![CDATA[admin1234]]>
              </value>
            </param>
            <param index="2">
              <value>
                <![CDATA[Invalid credentials]]>
              </value>
            </param>
          </params>
          <reporter-output>
          </reporter-output>
        </test-method> <!-- OrangeHrm_TC002_InValidlogin -->
        <test-method is-config="true" signature="afterMethod()[pri:0, instance:orangeHrmTestcases.TC_002_InvalidLogin@5d0a1059]" started-at="2022-06-05T18:35:36 EDT" name="afterMethod" finished-at="2022-06-05T18:35:36 EDT" duration-ms="108" status="PASS">
          <reporter-output>
          </reporter-output>
        </test-method> <!-- afterMethod -->
        <test-method is-config="true" signature="beforeMethod()[pri:0, instance:orangeHrmTestcases.TC_002_InvalidLogin@5d0a1059]" started-at="2022-06-05T18:35:36 EDT" name="beforeMethod" finished-at="2022-06-05T18:35:36 EDT" duration-ms="113" status="PASS">
          <reporter-output>
          </reporter-output>
        </test-method> <!-- beforeMethod -->
        <test-method signature="OrangeHrm_TC002_InValidlogin(java.lang.String,java.lang.String,java.lang.String)[pri:0, instance:orangeHrmTestcases.TC_002_InvalidLogin@5d0a1059]" started-at="2022-06-05T18:35:36 EDT" name="OrangeHrm_TC002_InValidlogin" data-provider="dp" finished-at="2022-06-05T18:35:37 EDT" duration-ms="738" status="PASS">
          <params>
            <param index="0">
              <value>
                <![CDATA[ADMIN]]>
              </value>
            </param>
            <param index="1">
              <value>
                <![CDATA[admin123]]>
              </value>
            </param>
            <param index="2">
              <value>
                <![CDATA[Invalid credentials]]>
              </value>
            </param>
          </params>
          <reporter-output>
          </reporter-output>
        </test-method> <!-- OrangeHrm_TC002_InValidlogin -->
        <test-method is-config="true" signature="afterMethod()[pri:0, instance:orangeHrmTestcases.TC_002_InvalidLogin@5d0a1059]" started-at="2022-06-05T18:35:37 EDT" name="afterMethod" finished-at="2022-06-05T18:35:37 EDT" duration-ms="151" status="PASS">
          <reporter-output>
          </reporter-output>
        </test-method> <!-- afterMethod -->
        <test-method is-config="true" signature="beforeMethod()[pri:0, instance:orangeHrmTestcases.TC_002_InvalidLogin@5d0a1059]" started-at="2022-06-05T18:35:37 EDT" name="beforeMethod" finished-at="2022-06-05T18:35:38 EDT" duration-ms="231" status="PASS">
          <reporter-output>
          </reporter-output>
        </test-method> <!-- beforeMethod -->
        <test-method retried="true" signature="OrangeHrm_TC002_InValidlogin(java.lang.String,java.lang.String,java.lang.String)[pri:0, instance:orangeHrmTestcases.TC_002_InvalidLogin@5d0a1059]" started-at="2022-06-05T18:35:38 EDT" name="OrangeHrm_TC002_InValidlogin" data-provider="dp" finished-at="2022-06-05T18:35:38 EDT" duration-ms="813" status="SKIP">
          <params>
            <param index="0">
              <value>
                <![CDATA[]]>
              </value>
            </param>
            <param index="1">
              <value>
                <![CDATA[admin123]]>
              </value>
            </param>
            <param index="2">
              <value>
                <![CDATA[Username cannot be empty]]>
              </value>
            </param>
          </params>
          <exception class="java.lang.AssertionError">
            <message>
              <![CDATA[expected [Username cannot be empty] but found [Invalid credentials]]]>
            </message>
            <full-stacktrace>
              <![CDATA[java.lang.AssertionError: expected [Username cannot be empty] but found [Invalid credentials]
at org.testng.Assert.fail(Assert.java:99)
at org.testng.Assert.failNotEquals(Assert.java:1037)
at org.testng.Assert.assertEqualsImpl(Assert.java:140)
at org.testng.Assert.assertEquals(Assert.java:122)
at org.testng.Assert.assertEquals(Assert.java:629)
at org.testng.Assert.assertEquals(Assert.java:639)
at orangeHrmTestcases.TC_002_InvalidLogin.OrangeHrm_TC002_InValidlogin(TC_002_InvalidLogin.java:58)
at java.base/jdk.internal.reflect.NativeMethodAccessorImpl.invoke0(Native Method)
at java.base/jdk.internal.reflect.NativeMethodAccessorImpl.invoke(NativeMethodAccessorImpl.java:77)
at java.base/jdk.internal.reflect.DelegatingMethodAccessorImpl.invoke(DelegatingMethodAccessorImpl.java:43)
at java.base/java.lang.reflect.Method.invoke(Method.java:568)
at org.testng.internal.MethodInvocationHelper.invokeMethod(MethodInvocationHelper.java:133)
at org.testng.internal.TestInvoker.invokeMethod(TestInvoker.java:598)
at org.testng.internal.TestInvoker.invokeTestMethod(TestInvoker.java:173)
at org.testng.internal.MethodRunner.runInSequence(MethodRunner.java:46)
at org.testng.internal.TestInvoker$MethodInvocationAgent.invoke(TestInvoker.java:824)
at org.testng.internal.TestInvoker.invokeTestMethods(TestInvoker.java:146)
at org.testng.internal.TestMethodWorker.invokeTestMethods(TestMethodWorker.java:146)
at org.testng.internal.TestMethodWorker.run(TestMethodWorker.java:128)
at java.base/java.util.ArrayList.forEach(ArrayList.java:1511)
at org.testng.TestRunner.privateRun(TestRunner.java:794)
at org.testng.TestRunner.run(TestRunner.java:596)
at org.testng.SuiteRunner.runTest(SuiteRunner.java:377)
at org.testng.SuiteRunner.access$000(SuiteRunner.java:28)
at org.testng.SuiteRunner$SuiteWorker.run(SuiteRunner.java:418)
at org.testng.internal.thread.ThreadUtil.lambda$execute$0(ThreadUtil.java:64)
at java.base/java.util.concurrent.FutureTask.run(FutureTask.java:264)
at java.base/java.util.concurrent.ThreadPoolExecutor.runWorker(ThreadPoolExecutor.java:1136)
at java.base/java.util.concurrent.ThreadPoolExecutor$Worker.run(ThreadPoolExecutor.java:635)
at java.base/java.lang.Thread.run(Thread.java:833)
]]>
            </full-stacktrace>
          </exception> <!-- java.lang.AssertionError -->
          <reporter-output>
          </reporter-output>
        </test-method> <!-- OrangeHrm_TC002_InValidlogin -->
        <test-method is-config="true" signature="afterMethod()[pri:0, instance:orangeHrmTestcases.TC_002_InvalidLogin@5d0a1059]" started-at="2022-06-05T18:35:38 EDT" name="afterMethod" finished-at="2022-06-05T18:35:39 EDT" duration-ms="107" status="PASS">
          <reporter-output>
          </reporter-output>
        </test-method> <!-- afterMethod -->
        <test-method is-config="true" signature="beforeMethod()[pri:0, instance:orangeHrmTestcases.TC_002_InvalidLogin@5d0a1059]" started-at="2022-06-05T18:35:39 EDT" name="beforeMethod" finished-at="2022-06-05T18:35:39 EDT" duration-ms="137" status="PASS">
          <reporter-output>
          </reporter-output>
        </test-method> <!-- beforeMethod -->
        <test-method retried="true" signature="OrangeHrm_TC002_InValidlogin(java.lang.String,java.lang.String,java.lang.String)[pri:0, instance:orangeHrmTestcases.TC_002_InvalidLogin@5d0a1059]" started-at="2022-06-05T18:35:39 EDT" name="OrangeHrm_TC002_InValidlogin" data-provider="dp" finished-at="2022-06-05T18:35:39 EDT" duration-ms="745" status="SKIP">
          <params>
            <param index="0">
              <value>
                <![CDATA[]]>
              </value>
            </param>
            <param index="1">
              <value>
                <![CDATA[admin123]]>
              </value>
            </param>
            <param index="2">
              <value>
                <![CDATA[Username cannot be empty]]>
              </value>
            </param>
          </params>
          <exception class="java.lang.AssertionError">
            <message>
              <![CDATA[expected [Username cannot be empty] but found [Invalid credentials]]]>
            </message>
            <full-stacktrace>
              <![CDATA[java.lang.AssertionError: expected [Username cannot be empty] but found [Invalid credentials]
at org.testng.Assert.fail(Assert.java:99)
at org.testng.Assert.failNotEquals(Assert.java:1037)
at org.testng.Assert.assertEqualsImpl(Assert.java:140)
at org.testng.Assert.assertEquals(Assert.java:122)
at org.testng.Assert.assertEquals(Assert.java:629)
at org.testng.Assert.assertEquals(Assert.java:639)
at orangeHrmTestcases.TC_002_InvalidLogin.OrangeHrm_TC002_InValidlogin(TC_002_InvalidLogin.java:58)
at java.base/jdk.internal.reflect.NativeMethodAccessorImpl.invoke0(Native Method)
at java.base/jdk.internal.reflect.NativeMethodAccessorImpl.invoke(NativeMethodAccessorImpl.java:77)
at java.base/jdk.internal.reflect.DelegatingMethodAccessorImpl.invoke(DelegatingMethodAccessorImpl.java:43)
at java.base/java.lang.reflect.Method.invoke(Method.java:568)
at org.testng.internal.MethodInvocationHelper.invokeMethod(MethodInvocationHelper.java:133)
at org.testng.internal.TestInvoker.invokeMethod(TestInvoker.java:598)
at org.testng.internal.TestInvoker.retryFailed(TestInvoker.java:213)
at org.testng.internal.MethodRunner.runInSequence(MethodRunner.java:58)
at org.testng.internal.TestInvoker$MethodInvocationAgent.invoke(TestInvoker.java:824)
at org.testng.internal.TestInvoker.invokeTestMethods(TestInvoker.java:146)
at org.testng.internal.TestMethodWorker.invokeTestMethods(TestMethodWorker.java:146)
at org.testng.internal.TestMethodWorker.run(TestMethodWorker.java:128)
at java.base/java.util.ArrayList.forEach(ArrayList.java:1511)
at org.testng.TestRunner.privateRun(TestRunner.java:794)
at org.testng.TestRunner.run(TestRunner.java:596)
at org.testng.SuiteRunner.runTest(SuiteRunner.java:377)
at org.testng.SuiteRunner.access$000(SuiteRunner.java:28)
at org.testng.SuiteRunner$SuiteWorker.run(SuiteRunner.java:418)
at org.testng.internal.thread.ThreadUtil.lambda$execute$0(ThreadUtil.java:64)
at java.base/java.util.concurrent.FutureTask.run(FutureTask.java:264)
at java.base/java.util.concurrent.ThreadPoolExecutor.runWorker(ThreadPoolExecutor.java:1136)
at java.base/java.util.concurrent.ThreadPoolExecutor$Worker.run(ThreadPoolExecutor.java:635)
at java.base/java.lang.Thread.run(Thread.java:833)
]]>
            </full-stacktrace>
          </exception> <!-- java.lang.AssertionError -->
          <reporter-output>
          </reporter-output>
        </test-method> <!-- OrangeHrm_TC002_InValidlogin -->
        <test-method is-config="true" signature="afterMethod()[pri:0, instance:orangeHrmTestcases.TC_002_InvalidLogin@5d0a1059]" started-at="2022-06-05T18:35:39 EDT" name="afterMethod" finished-at="2022-06-05T18:35:40 EDT" duration-ms="109" status="PASS">
          <reporter-output>
          </reporter-output>
        </test-method> <!-- afterMethod -->
        <test-method is-config="true" signature="beforeMethod()[pri:0, instance:orangeHrmTestcases.TC_002_InvalidLogin@5d0a1059]" started-at="2022-06-05T18:35:40 EDT" name="beforeMethod" finished-at="2022-06-05T18:35:40 EDT" duration-ms="120" status="PASS">
          <reporter-output>
          </reporter-output>
        </test-method> <!-- beforeMethod -->
        <test-method signature="OrangeHrm_TC002_InValidlogin(java.lang.String,java.lang.String,java.lang.String)[pri:0, instance:orangeHrmTestcases.TC_002_InvalidLogin@5d0a1059]" started-at="2022-06-05T18:35:40 EDT" name="OrangeHrm_TC002_InValidlogin" data-provider="dp" finished-at="2022-06-05T18:35:40 EDT" duration-ms="770" status="FAIL">
          <params>
            <param index="0">
              <value>
                <![CDATA[]]>
              </value>
            </param>
            <param index="1">
              <value>
                <![CDATA[admin123]]>
              </value>
            </param>
            <param index="2">
              <value>
                <![CDATA[Username cannot be empty]]>
              </value>
            </param>
          </params>
          <exception class="java.lang.AssertionError">
            <message>
              <![CDATA[expected [Username cannot be empty] but found [Invalid credentials]]]>
            </message>
            <full-stacktrace>
              <![CDATA[java.lang.AssertionError: expected [Username cannot be empty] but found [Invalid credentials]
at org.testng.Assert.fail(Assert.java:99)
at org.testng.Assert.failNotEquals(Assert.java:1037)
at org.testng.Assert.assertEqualsImpl(Assert.java:140)
at org.testng.Assert.assertEquals(Assert.java:122)
at org.testng.Assert.assertEquals(Assert.java:629)
at org.testng.Assert.assertEquals(Assert.java:639)
at orangeHrmTestcases.TC_002_InvalidLogin.OrangeHrm_TC002_InValidlogin(TC_002_InvalidLogin.java:58)
at java.base/jdk.internal.reflect.NativeMethodAccessorImpl.invoke0(Native Method)
at java.base/jdk.internal.reflect.NativeMethodAccessorImpl.invoke(NativeMethodAccessorImpl.java:77)
at java.base/jdk.internal.reflect.DelegatingMethodAccessorImpl.invoke(DelegatingMethodAccessorImpl.java:43)
at java.base/java.lang.reflect.Method.invoke(Method.java:568)
at org.testng.internal.MethodInvocationHelper.invokeMethod(MethodInvocationHelper.java:133)
at org.testng.internal.TestInvoker.invokeMethod(TestInvoker.java:598)
at org.testng.internal.TestInvoker.retryFailed(TestInvoker.java:213)
at org.testng.internal.MethodRunner.runInSequence(MethodRunner.java:58)
at org.testng.internal.TestInvoker$MethodInvocationAgent.invoke(TestInvoker.java:824)
at org.testng.internal.TestInvoker.invokeTestMethods(TestInvoker.java:146)
at org.testng.internal.TestMethodWorker.invokeTestMethods(TestMethodWorker.java:146)
at org.testng.internal.TestMethodWorker.run(TestMethodWorker.java:128)
at java.base/java.util.ArrayList.forEach(ArrayList.java:1511)
at org.testng.TestRunner.privateRun(TestRunner.java:794)
at org.testng.TestRunner.run(TestRunner.java:596)
at org.testng.SuiteRunner.runTest(SuiteRunner.java:377)
at org.testng.SuiteRunner.access$000(SuiteRunner.java:28)
at org.testng.SuiteRunner$SuiteWorker.run(SuiteRunner.java:418)
at org.testng.internal.thread.ThreadUtil.lambda$execute$0(ThreadUtil.java:64)
at java.base/java.util.concurrent.FutureTask.run(FutureTask.java:264)
at java.base/java.util.concurrent.ThreadPoolExecutor.runWorker(ThreadPoolExecutor.java:1136)
at java.base/java.util.concurrent.ThreadPoolExecutor$Worker.run(ThreadPoolExecutor.java:635)
at java.base/java.lang.Thread.run(Thread.java:833)
]]>
            </full-stacktrace>
          </exception> <!-- java.lang.AssertionError -->
          <reporter-output>
          </reporter-output>
        </test-method> <!-- OrangeHrm_TC002_InValidlogin -->
        <test-method is-config="true" signature="afterMethod()[pri:0, instance:orangeHrmTestcases.TC_002_InvalidLogin@5d0a1059]" started-at="2022-06-05T18:35:40 EDT" name="afterMethod" finished-at="2022-06-05T18:35:41 EDT" duration-ms="109" status="PASS">
          <reporter-output>
          </reporter-output>
        </test-method> <!-- afterMethod -->
        <test-method is-config="true" signature="beforeMethod()[pri:0, instance:orangeHrmTestcases.TC_002_InvalidLogin@5d0a1059]" started-at="2022-06-05T18:35:41 EDT" name="beforeMethod" finished-at="2022-06-05T18:35:41 EDT" duration-ms="118" status="PASS">
          <reporter-output>
          </reporter-output>
        </test-method> <!-- beforeMethod -->
        <test-method retried="true" signature="OrangeHrm_TC002_InValidlogin(java.lang.String,java.lang.String,java.lang.String)[pri:0, instance:orangeHrmTestcases.TC_002_InvalidLogin@5d0a1059]" started-at="2022-06-05T18:35:41 EDT" name="OrangeHrm_TC002_InValidlogin" data-provider="dp" finished-at="2022-06-05T18:35:41 EDT" duration-ms="767" status="SKIP">
          <params>
            <param index="0">
              <value>
                <![CDATA[Admin]]>
              </value>
            </param>
            <param index="1">
              <value>
                <![CDATA[]]>
              </value>
            </param>
            <param index="2">
              <value>
                <![CDATA[Password cannot be empty]]>
              </value>
            </param>
          </params>
          <exception class="java.lang.AssertionError">
            <message>
              <![CDATA[expected [Password cannot be empty] but found [Invalid credentials]]]>
            </message>
            <full-stacktrace>
              <![CDATA[java.lang.AssertionError: expected [Password cannot be empty] but found [Invalid credentials]
at org.testng.Assert.fail(Assert.java:99)
at org.testng.Assert.failNotEquals(Assert.java:1037)
at org.testng.Assert.assertEqualsImpl(Assert.java:140)
at org.testng.Assert.assertEquals(Assert.java:122)
at org.testng.Assert.assertEquals(Assert.java:629)
at org.testng.Assert.assertEquals(Assert.java:639)
at orangeHrmTestcases.TC_002_InvalidLogin.OrangeHrm_TC002_InValidlogin(TC_002_InvalidLogin.java:58)
at java.base/jdk.internal.reflect.NativeMethodAccessorImpl.invoke0(Native Method)
at java.base/jdk.internal.reflect.NativeMethodAccessorImpl.invoke(NativeMethodAccessorImpl.java:77)
at java.base/jdk.internal.reflect.DelegatingMethodAccessorImpl.invoke(DelegatingMethodAccessorImpl.java:43)
at java.base/java.lang.reflect.Method.invoke(Method.java:568)
at org.testng.internal.MethodInvocationHelper.invokeMethod(MethodInvocationHelper.java:133)
at org.testng.internal.TestInvoker.invokeMethod(TestInvoker.java:598)
at org.testng.internal.TestInvoker.invokeTestMethod(TestInvoker.java:173)
at org.testng.internal.MethodRunner.runInSequence(MethodRunner.java:46)
at org.testng.internal.TestInvoker$MethodInvocationAgent.invoke(TestInvoker.java:824)
at org.testng.internal.TestInvoker.invokeTestMethods(TestInvoker.java:146)
at org.testng.internal.TestMethodWorker.invokeTestMethods(TestMethodWorker.java:146)
at org.testng.internal.TestMethodWorker.run(TestMethodWorker.java:128)
at java.base/java.util.ArrayList.forEach(ArrayList.java:1511)
at org.testng.TestRunner.privateRun(TestRunner.java:794)
at org.testng.TestRunner.run(TestRunner.java:596)
at org.testng.SuiteRunner.runTest(SuiteRunner.java:377)
at org.testng.SuiteRunner.access$000(SuiteRunner.java:28)
at org.testng.SuiteRunner$SuiteWorker.run(SuiteRunner.java:418)
at org.testng.internal.thread.ThreadUtil.lambda$execute$0(ThreadUtil.java:64)
at java.base/java.util.concurrent.FutureTask.run(FutureTask.java:264)
at java.base/java.util.concurrent.ThreadPoolExecutor.runWorker(ThreadPoolExecutor.java:1136)
at java.base/java.util.concurrent.ThreadPoolExecutor$Worker.run(ThreadPoolExecutor.java:635)
at java.base/java.lang.Thread.run(Thread.java:833)
]]>
            </full-stacktrace>
          </exception> <!-- java.lang.AssertionError -->
          <reporter-output>
          </reporter-output>
        </test-method> <!-- OrangeHrm_TC002_InValidlogin -->
        <test-method is-config="true" signature="afterMethod()[pri:0, instance:orangeHrmTestcases.TC_002_InvalidLogin@5d0a1059]" started-at="2022-06-05T18:35:41 EDT" name="afterMethod" finished-at="2022-06-05T18:35:42 EDT" duration-ms="111" status="PASS">
          <reporter-output>
          </reporter-output>
        </test-method> <!-- afterMethod -->
        <test-method is-config="true" signature="beforeMethod()[pri:0, instance:orangeHrmTestcases.TC_002_InvalidLogin@5d0a1059]" started-at="2022-06-05T18:35:42 EDT" name="beforeMethod" finished-at="2022-06-05T18:35:42 EDT" duration-ms="128" status="PASS">
          <reporter-output>
          </reporter-output>
        </test-method> <!-- beforeMethod -->
        <test-method retried="true" signature="OrangeHrm_TC002_InValidlogin(java.lang.String,java.lang.String,java.lang.String)[pri:0, instance:orangeHrmTestcases.TC_002_InvalidLogin@5d0a1059]" started-at="2022-06-05T18:35:42 EDT" name="OrangeHrm_TC002_InValidlogin" data-provider="dp" finished-at="2022-06-05T18:35:42 EDT" duration-ms="775" status="SKIP">
          <params>
            <param index="0">
              <value>
                <![CDATA[Admin]]>
              </value>
            </param>
            <param index="1">
              <value>
                <![CDATA[]]>
              </value>
            </param>
            <param index="2">
              <value>
                <![CDATA[Password cannot be empty]]>
              </value>
            </param>
          </params>
          <exception class="java.lang.AssertionError">
            <message>
              <![CDATA[expected [Password cannot be empty] but found [Invalid credentials]]]>
            </message>
            <full-stacktrace>
              <![CDATA[java.lang.AssertionError: expected [Password cannot be empty] but found [Invalid credentials]
at org.testng.Assert.fail(Assert.java:99)
at org.testng.Assert.failNotEquals(Assert.java:1037)
at org.testng.Assert.assertEqualsImpl(Assert.java:140)
at org.testng.Assert.assertEquals(Assert.java:122)
at org.testng.Assert.assertEquals(Assert.java:629)
at org.testng.Assert.assertEquals(Assert.java:639)
at orangeHrmTestcases.TC_002_InvalidLogin.OrangeHrm_TC002_InValidlogin(TC_002_InvalidLogin.java:58)
at java.base/jdk.internal.reflect.NativeMethodAccessorImpl.invoke0(Native Method)
at java.base/jdk.internal.reflect.NativeMethodAccessorImpl.invoke(NativeMethodAccessorImpl.java:77)
at java.base/jdk.internal.reflect.DelegatingMethodAccessorImpl.invoke(DelegatingMethodAccessorImpl.java:43)
at java.base/java.lang.reflect.Method.invoke(Method.java:568)
at org.testng.internal.MethodInvocationHelper.invokeMethod(MethodInvocationHelper.java:133)
at org.testng.internal.TestInvoker.invokeMethod(TestInvoker.java:598)
at org.testng.internal.TestInvoker.retryFailed(TestInvoker.java:213)
at org.testng.internal.MethodRunner.runInSequence(MethodRunner.java:58)
at org.testng.internal.TestInvoker$MethodInvocationAgent.invoke(TestInvoker.java:824)
at org.testng.internal.TestInvoker.invokeTestMethods(TestInvoker.java:146)
at org.testng.internal.TestMethodWorker.invokeTestMethods(TestMethodWorker.java:146)
at org.testng.internal.TestMethodWorker.run(TestMethodWorker.java:128)
at java.base/java.util.ArrayList.forEach(ArrayList.java:1511)
at org.testng.TestRunner.privateRun(TestRunner.java:794)
at org.testng.TestRunner.run(TestRunner.java:596)
at org.testng.SuiteRunner.runTest(SuiteRunner.java:377)
at org.testng.SuiteRunner.access$000(SuiteRunner.java:28)
at org.testng.SuiteRunner$SuiteWorker.run(SuiteRunner.java:418)
at org.testng.internal.thread.ThreadUtil.lambda$execute$0(ThreadUtil.java:64)
at java.base/java.util.concurrent.FutureTask.run(FutureTask.java:264)
at java.base/java.util.concurrent.ThreadPoolExecutor.runWorker(ThreadPoolExecutor.java:1136)
at java.base/java.util.concurrent.ThreadPoolExecutor$Worker.run(ThreadPoolExecutor.java:635)
at java.base/java.lang.Thread.run(Thread.java:833)
]]>
            </full-stacktrace>
          </exception> <!-- java.lang.AssertionError -->
          <reporter-output>
          </reporter-output>
        </test-method> <!-- OrangeHrm_TC002_InValidlogin -->
        <test-method is-config="true" signature="afterMethod()[pri:0, instance:orangeHrmTestcases.TC_002_InvalidLogin@5d0a1059]" started-at="2022-06-05T18:35:42 EDT" name="afterMethod" finished-at="2022-06-05T18:35:43 EDT" duration-ms="143" status="PASS">
          <reporter-output>
          </reporter-output>
        </test-method> <!-- afterMethod -->
        <test-method is-config="true" signature="beforeMethod()[pri:0, instance:orangeHrmTestcases.TC_002_InvalidLogin@5d0a1059]" started-at="2022-06-05T18:35:43 EDT" name="beforeMethod" finished-at="2022-06-05T18:35:43 EDT" duration-ms="142" status="PASS">
          <reporter-output>
          </reporter-output>
        </test-method> <!-- beforeMethod -->
        <test-method signature="OrangeHrm_TC002_InValidlogin(java.lang.String,java.lang.String,java.lang.String)[pri:0, instance:orangeHrmTestcases.TC_002_InvalidLogin@5d0a1059]" started-at="2022-06-05T18:35:43 EDT" name="OrangeHrm_TC002_InValidlogin" data-provider="dp" finished-at="2022-06-05T18:35:44 EDT" duration-ms="825" status="FAIL">
          <params>
            <param index="0">
              <value>
                <![CDATA[Admin]]>
              </value>
            </param>
            <param index="1">
              <value>
                <![CDATA[]]>
              </value>
            </param>
            <param index="2">
              <value>
                <![CDATA[Password cannot be empty]]>
              </value>
            </param>
          </params>
          <exception class="java.lang.AssertionError">
            <message>
              <![CDATA[expected [Password cannot be empty] but found [Invalid credentials]]]>
            </message>
            <full-stacktrace>
              <![CDATA[java.lang.AssertionError: expected [Password cannot be empty] but found [Invalid credentials]
at org.testng.Assert.fail(Assert.java:99)
at org.testng.Assert.failNotEquals(Assert.java:1037)
at org.testng.Assert.assertEqualsImpl(Assert.java:140)
at org.testng.Assert.assertEquals(Assert.java:122)
at org.testng.Assert.assertEquals(Assert.java:629)
at org.testng.Assert.assertEquals(Assert.java:639)
at orangeHrmTestcases.TC_002_InvalidLogin.OrangeHrm_TC002_InValidlogin(TC_002_InvalidLogin.java:58)
at java.base/jdk.internal.reflect.NativeMethodAccessorImpl.invoke0(Native Method)
at java.base/jdk.internal.reflect.NativeMethodAccessorImpl.invoke(NativeMethodAccessorImpl.java:77)
at java.base/jdk.internal.reflect.DelegatingMethodAccessorImpl.invoke(DelegatingMethodAccessorImpl.java:43)
at java.base/java.lang.reflect.Method.invoke(Method.java:568)
at org.testng.internal.MethodInvocationHelper.invokeMethod(MethodInvocationHelper.java:133)
at org.testng.internal.TestInvoker.invokeMethod(TestInvoker.java:598)
at org.testng.internal.TestInvoker.retryFailed(TestInvoker.java:213)
at org.testng.internal.MethodRunner.runInSequence(MethodRunner.java:58)
at org.testng.internal.TestInvoker$MethodInvocationAgent.invoke(TestInvoker.java:824)
at org.testng.internal.TestInvoker.invokeTestMethods(TestInvoker.java:146)
at org.testng.internal.TestMethodWorker.invokeTestMethods(TestMethodWorker.java:146)
at org.testng.internal.TestMethodWorker.run(TestMethodWorker.java:128)
at java.base/java.util.ArrayList.forEach(ArrayList.java:1511)
at org.testng.TestRunner.privateRun(TestRunner.java:794)
at org.testng.TestRunner.run(TestRunner.java:596)
at org.testng.SuiteRunner.runTest(SuiteRunner.java:377)
at org.testng.SuiteRunner.access$000(SuiteRunner.java:28)
at org.testng.SuiteRunner$SuiteWorker.run(SuiteRunner.java:418)
at org.testng.internal.thread.ThreadUtil.lambda$execute$0(ThreadUtil.java:64)
at java.base/java.util.concurrent.FutureTask.run(FutureTask.java:264)
at java.base/java.util.concurrent.ThreadPoolExecutor.runWorker(ThreadPoolExecutor.java:1136)
at java.base/java.util.concurrent.ThreadPoolExecutor$Worker.run(ThreadPoolExecutor.java:635)
at java.base/java.lang.Thread.run(Thread.java:833)
]]>
            </full-stacktrace>
          </exception> <!-- java.lang.AssertionError -->
          <reporter-output>
          </reporter-output>
        </test-method> <!-- OrangeHrm_TC002_InValidlogin -->
        <test-method is-config="true" signature="afterMethod()[pri:0, instance:orangeHrmTestcases.TC_002_InvalidLogin@5d0a1059]" started-at="2022-06-05T18:35:44 EDT" name="afterMethod" finished-at="2022-06-05T18:35:44 EDT" duration-ms="156" status="PASS">
          <reporter-output>
          </reporter-output>
        </test-method> <!-- afterMethod -->
        <test-method is-config="true" signature="afterClass()[pri:0, instance:orangeHrmTestcases.TC_002_InvalidLogin@5d0a1059]" started-at="2022-06-05T18:35:44 EDT" name="afterClass" finished-at="2022-06-05T18:35:44 EDT" duration-ms="108" status="PASS">
          <reporter-output>
          </reporter-output>
        </test-method> <!-- afterClass -->
      </class> <!-- orangeHrmTestcases.TC_002_InvalidLogin -->
    </test> <!-- TC_002_InvalidLogin -->
    <test started-at="2022-06-05T18:35:43 EDT" name="TC_004_AddWorkShift" finished-at="2022-06-05T18:35:48 EDT" duration-ms="5221">
      <class name="orangeHrmTestcases.TC_004_AddWorkShift">
        <test-method is-config="true" signature="beforeClass(java.lang.String)[pri:0, instance:orangeHrmTestcases.TC_004_AddWorkShift@2ea41516]" started-at="2022-06-05T18:35:43 EDT" name="beforeClass" finished-at="2022-06-05T18:35:44 EDT" duration-ms="825" status="PASS">
          <params>
            <param index="0">
              <value>
                <![CDATA[chrome]]>
              </value>
            </param>
          </params>
          <reporter-output>
          </reporter-output>
        </test-method> <!-- beforeClass -->
        <test-method signature="OrangeHrm_TC004_AddWorkShift()[pri:0, instance:orangeHrmTestcases.TC_004_AddWorkShift@2ea41516]" started-at="2022-06-05T18:35:44 EDT" name="OrangeHrm_TC004_AddWorkShift" finished-at="2022-06-05T18:35:48 EDT" duration-ms="4265" status="PASS">
          <reporter-output>
          </reporter-output>
        </test-method> <!-- OrangeHrm_TC004_AddWorkShift -->
        <test-method is-config="true" signature="afterClass()[pri:0, instance:orangeHrmTestcases.TC_004_AddWorkShift@2ea41516]" started-at="2022-06-05T18:35:48 EDT" name="afterClass" finished-at="2022-06-05T18:35:48 EDT" duration-ms="127" status="PASS">
          <reporter-output>
          </reporter-output>
        </test-method> <!-- afterClass -->
      </class> <!-- orangeHrmTestcases.TC_004_AddWorkShift -->
    </test> <!-- TC_004_AddWorkShift -->
    <test started-at="2022-06-05T18:35:44 EDT" name="TC_005_DeleteWorkShift" finished-at="2022-06-05T18:35:49 EDT" duration-ms="5040">
      <class name="orangeHrmTestcases.TC_005_DeleteWorkShift">
        <test-method is-config="true" signature="beforeClass(java.lang.String)[pri:0, instance:orangeHrmTestcases.TC_005_DeleteWorkShift@ffaa6af]" started-at="2022-06-05T18:35:44 EDT" name="beforeClass" finished-at="2022-06-05T18:35:45 EDT" duration-ms="806" status="PASS">
          <params>
            <param index="0">
              <value>
                <![CDATA[chrome]]>
              </value>
            </param>
          </params>
          <reporter-output>
          </reporter-output>
        </test-method> <!-- beforeClass -->
        <test-method signature="OrangeHrm_TC_005_DeleteWorkShift()[pri:0, instance:orangeHrmTestcases.TC_005_DeleteWorkShift@ffaa6af]" started-at="2022-06-05T18:35:45 EDT" name="OrangeHrm_TC_005_DeleteWorkShift" finished-at="2022-06-05T18:35:49 EDT" duration-ms="4104" status="PASS">
          <reporter-output>
          </reporter-output>
        </test-method> <!-- OrangeHrm_TC_005_DeleteWorkShift -->
        <test-method is-config="true" signature="afterClass()[pri:0, instance:orangeHrmTestcases.TC_005_DeleteWorkShift@ffaa6af]" started-at="2022-06-05T18:35:49 EDT" name="afterClass" finished-at="2022-06-05T18:35:49 EDT" duration-ms="127" status="PASS">
          <reporter-output>
          </reporter-output>
        </test-method> <!-- afterClass -->
      </class> <!-- orangeHrmTestcases.TC_005_DeleteWorkShift -->
    </test> <!-- TC_005_DeleteWorkShift -->
    <test started-at="2022-06-05T18:35:49 EDT" name="TC_007_Candidatecalendar" finished-at="2022-06-05T18:35:53 EDT" duration-ms="3887">
      <class name="orangeHrmTestcases.TC_007_Candidatecalendar">
        <test-method is-config="true" signature="beforeClass(java.lang.String)[pri:0, instance:orangeHrmTestcases.TC_007_Candidatecalendar@21282ed8]" started-at="2022-06-05T18:35:49 EDT" name="beforeClass" finished-at="2022-06-05T18:35:50 EDT" duration-ms="854" status="PASS">
          <params>
            <param index="0">
              <value>
                <![CDATA[chrome]]>
              </value>
            </param>
          </params>
          <reporter-output>
          </reporter-output>
        </test-method> <!-- beforeClass -->
        <test-method signature="TC_008_candidateCalendar()[pri:0, instance:orangeHrmTestcases.TC_007_Candidatecalendar@21282ed8]" started-at="2022-06-05T18:35:50 EDT" name="TC_008_candidateCalendar" finished-at="2022-06-05T18:35:53 EDT" duration-ms="2970" status="PASS">
          <reporter-output>
          </reporter-output>
        </test-method> <!-- TC_008_candidateCalendar -->
        <test-method is-config="true" signature="afterClass()[pri:0, instance:orangeHrmTestcases.TC_007_Candidatecalendar@21282ed8]" started-at="2022-06-05T18:35:53 EDT" name="afterClass" finished-at="2022-06-05T18:35:53 EDT" duration-ms="61" status="PASS">
          <reporter-output>
          </reporter-output>
        </test-method> <!-- afterClass -->
      </class> <!-- orangeHrmTestcases.TC_007_Candidatecalendar -->
    </test> <!-- TC_007_Candidatecalendar -->
    <test started-at="2022-06-05T18:35:48 EDT" name="TC_006_SearchInvalidUser" finished-at="2022-06-05T18:35:53 EDT" duration-ms="5188">
      <class name="orangeHrmTestcases.TC_006_SearchInvalidUser">
        <test-method is-config="true" signature="beforeClass(java.lang.String)[pri:0, instance:orangeHrmTestcases.TC_006_SearchInvalidUser@31fa1761]" started-at="2022-06-05T18:35:48 EDT" name="beforeClass" finished-at="2022-06-05T18:35:49 EDT" duration-ms="894" status="PASS">
          <params>
            <param index="0">
              <value>
                <![CDATA[chrome]]>
              </value>
            </param>
          </params>
          <reporter-output>
          </reporter-output>
        </test-method> <!-- beforeClass -->
        <test-method signature="OrangeHrm_TC006_invalidUser()[pri:0, instance:orangeHrmTestcases.TC_006_SearchInvalidUser@31fa1761]" started-at="2022-06-05T18:35:49 EDT" name="OrangeHrm_TC006_invalidUser" finished-at="2022-06-05T18:35:53 EDT" duration-ms="4158" status="PASS">
          <reporter-output>
          </reporter-output>
        </test-method> <!-- OrangeHrm_TC006_invalidUser -->
        <test-method is-config="true" signature="afterClass()[pri:0, instance:orangeHrmTestcases.TC_006_SearchInvalidUser@31fa1761]" started-at="2022-06-05T18:35:53 EDT" name="afterClass" finished-at="2022-06-05T18:35:53 EDT" duration-ms="134" status="PASS">
          <reporter-output>
          </reporter-output>
        </test-method> <!-- afterClass -->
      </class> <!-- orangeHrmTestcases.TC_006_SearchInvalidUser -->
    </test> <!-- TC_006_SearchInvalidUser -->
    <test started-at="2022-06-05T18:35:53 EDT" name="TC_008_UploadCandidateResume" finished-at="2022-06-05T18:35:57 EDT" duration-ms="4452">
      <class name="orangeHrmTestcases.TC_008_UploadCandidateResume">
        <test-method is-config="true" signature="beforeClass(java.lang.String)[pri:0, instance:orangeHrmTestcases.TC_008_UploadCandidateResume@47e2e487]" started-at="2022-06-05T18:35:53 EDT" name="beforeClass" finished-at="2022-06-05T18:35:54 EDT" duration-ms="827" status="PASS">
          <params>
            <param index="0">
              <value>
                <![CDATA[chrome]]>
              </value>
            </param>
          </params>
          <reporter-output>
          </reporter-output>
        </test-method> <!-- beforeClass -->
        <test-method signature="TC_009_candidateResumeUpload()[pri:0, instance:orangeHrmTestcases.TC_008_UploadCandidateResume@47e2e487]" started-at="2022-06-05T18:35:54 EDT" name="TC_009_candidateResumeUpload" finished-at="2022-06-05T18:35:57 EDT" duration-ms="3573" status="PASS">
          <reporter-output>
          </reporter-output>
        </test-method> <!-- TC_009_candidateResumeUpload -->
        <test-method is-config="true" signature="afterClass()[pri:0, instance:orangeHrmTestcases.TC_008_UploadCandidateResume@47e2e487]" started-at="2022-06-05T18:35:57 EDT" name="afterClass" finished-at="2022-06-05T18:35:57 EDT" duration-ms="50" status="PASS">
          <reporter-output>
          </reporter-output>
        </test-method> <!-- afterClass -->
      </class> <!-- orangeHrmTestcases.TC_008_UploadCandidateResume -->
    </test> <!-- TC_008_UploadCandidateResume -->
  </suite> <!-- OrangeHRM automation regression -->
</testng-results>
