<?xml version="1.0" encoding="UTF-8"?>
<!-- Generated by org.testng.reporters.JUnitXMLReporter -->
<testsuite hostname="LAPTOP-38L647O8" ignored="23" name="FunctionalChrome" tests="23" failures="0" timestamp="2022-06-11T17:58:10 EDT" time="153.16" errors="0">
  <testcase name="TC_001" time="2.409" classname="testcases.TC_001"/>
  <testcase name="TC_002" time="2.118" classname="testcases.TC_002"/>
  <testcase name="TC_003" time="2.596" classname="testcases.TC_003"/>
  <testcase name="TC_004" time="3.323" classname="testcases.TC_004"/>
  <testcase name="TC_005" time="3.068" classname="testcases.TC_005"/>
  <testcase name="TC_006" time="2.753" classname="testcases.TC_006"/>
  <testcase name="TC_007" time="2.478" classname="testcases.TC_007"/>
  <testcase name="TC_008" time="3.964" classname="testcases.TC_008"/>
  <testcase name="TC_009" time="4.15" classname="testcases.TC_009"/>
  <testcase name="TC_010" time="5.855" classname="testcases.TC_010"/>
  <testcase name="TC_011" time="2.329" classname="testcases.TC_011"/>
  <testcase name="TC_012" time="2.504" classname="testcases.TC_012"/>
  <testcase name="TC_013" time="2.761" classname="testcases.TC_013"/>
  <testcase name="TC_014" time="3.287" classname="testcases.TC_014"/>
  <testcase name="TC_015" time="4.379" classname="testcases.TC_015"/>
  <testcase name="TC_016" time="2.686" classname="testcases.TC_016"/>
  <testcase name="TC_017" time="2.689" classname="testcases.TC_017"/>
  <testcase name="TC_018" time="2.371" classname="testcases.TC_018"/>
  <testcase name="TC_019" time="2.795" classname="testcases.TC_019"/>
  <testcase name="TC_020" time="3.019" classname="testcases.TC_020"/>
  <testcase name="TC_021" time="2.905" classname="testcases.TC_021"/>
  <testcase name="TC_022" time="23.895" classname="testcases.TC_022"/>
  <testcase name="TC_023" time="13.29" classname="testcases.TC_023"/>
  <testcase name="@BeforeTest beforeTest" time="0.0" classname="testcases.BaseClass">
    <ignored/>
  </testcase> <!-- @BeforeTest beforeTest -->
  <testcase name="@BeforeTest beforeTest" time="0.0" classname="testcases.BaseClass">
    <ignored/>
  </testcase> <!-- @BeforeTest beforeTest -->
  <testcase name="@BeforeTest beforeTest" time="0.0" classname="testcases.BaseClass">
    <ignored/>
  </testcase> <!-- @BeforeTest beforeTest -->
  <testcase name="@BeforeTest beforeTest" time="0.0" classname="testcases.BaseClass">
    <ignored/>
  </testcase> <!-- @BeforeTest beforeTest -->
  <testcase name="@BeforeTest beforeTest" time="0.0" classname="testcases.BaseClass">
    <ignored/>
  </testcase> <!-- @BeforeTest beforeTest -->
  <testcase name="@BeforeTest beforeTest" time="0.0" classname="testcases.BaseClass">
    <ignored/>
  </testcase> <!-- @BeforeTest beforeTest -->
  <testcase name="@BeforeTest beforeTest" time="0.0" classname="testcases.BaseClass">
    <ignored/>
  </testcase> <!-- @BeforeTest beforeTest -->
  <testcase name="@BeforeTest beforeTest" time="0.0" classname="testcases.BaseClass">
    <ignored/>
  </testcase> <!-- @BeforeTest beforeTest -->
  <testcase name="@BeforeTest beforeTest" time="0.0" classname="testcases.BaseClass">
    <ignored/>
  </testcase> <!-- @BeforeTest beforeTest -->
  <testcase name="@BeforeTest beforeTest" time="0.0" classname="testcases.BaseClass">
    <ignored/>
  </testcase> <!-- @BeforeTest beforeTest -->
  <testcase name="@BeforeTest beforeTest" time="0.0" classname="testcases.BaseClass">
    <ignored/>
  </testcase> <!-- @BeforeTest beforeTest -->
  <testcase name="@BeforeTest beforeTest" time="0.0" classname="testcases.BaseClass">
    <ignored/>
  </testcase> <!-- @BeforeTest beforeTest -->
  <testcase name="@BeforeTest beforeTest" time="0.0" classname="testcases.BaseClass">
    <ignored/>
  </testcase> <!-- @BeforeTest beforeTest -->
  <testcase name="@BeforeTest beforeTest" time="0.0" classname="testcases.BaseClass">
    <ignored/>
  </testcase> <!-- @BeforeTest beforeTest -->
  <testcase name="@BeforeTest beforeTest" time="0.0" classname="testcases.BaseClass">
    <ignored/>
  </testcase> <!-- @BeforeTest beforeTest -->
  <testcase name="@BeforeTest beforeTest" time="0.0" classname="testcases.BaseClass">
    <ignored/>
  </testcase> <!-- @BeforeTest beforeTest -->
  <testcase name="@BeforeTest beforeTest" time="0.0" classname="testcases.BaseClass">
    <ignored/>
  </testcase> <!-- @BeforeTest beforeTest -->
  <testcase name="@BeforeTest beforeTest" time="0.0" classname="testcases.BaseClass">
    <ignored/>
  </testcase> <!-- @BeforeTest beforeTest -->
  <testcase name="@BeforeTest beforeTest" time="0.0" classname="testcases.BaseClass">
    <ignored/>
  </testcase> <!-- @BeforeTest beforeTest -->
  <testcase name="@BeforeTest beforeTest" time="0.0" classname="testcases.BaseClass">
    <ignored/>
  </testcase> <!-- @BeforeTest beforeTest -->
  <testcase name="@BeforeTest beforeTest" time="0.0" classname="testcases.BaseClass">
    <ignored/>
  </testcase> <!-- @BeforeTest beforeTest -->
  <testcase name="@BeforeTest beforeTest" time="0.0" classname="testcases.BaseClass">
    <ignored/>
  </testcase> <!-- @BeforeTest beforeTest -->
  <testcase name="@BeforeTest beforeTest" time="0.0" classname="testcases.BaseClass">
    <ignored/>
  </testcase> <!-- @BeforeTest beforeTest -->
</testsuite> <!-- FunctionalChrome -->
